2021-04-15 10:53:30,499 ERROR: Exception on /index [GET] [in c:\users\user\appdata\local\programs\python\python37-32\lib\site-packages\flask\app.py:1892]
Traceback (most recent call last):
  File "c:\users\user\appdata\local\programs\python\python37-32\lib\site-packages\flask\app.py", line 2447, in wsgi_app
    response = self.full_dispatch_request()
  File "c:\users\user\appdata\local\programs\python\python37-32\lib\site-packages\flask\app.py", line 1952, in full_dispatch_request
    rv = self.handle_user_exception(e)
  File "c:\users\user\appdata\local\programs\python\python37-32\lib\site-packages\flask\app.py", line 1821, in handle_user_exception
    reraise(exc_type, exc_value, tb)
  File "c:\users\user\appdata\local\programs\python\python37-32\lib\site-packages\flask\_compat.py", line 39, in reraise
    raise value
  File "c:\users\user\appdata\local\programs\python\python37-32\lib\site-packages\flask\app.py", line 1950, in full_dispatch_request
    rv = self.dispatch_request()
  File "c:\users\user\appdata\local\programs\python\python37-32\lib\site-packages\flask\app.py", line 1936, in dispatch_request
    return self.view_functions[rule.endpoint](**req.view_args)
  File "C:\Users\User\Documents\GitHub\BudgetTrackerApp\app\blueprints\main\views.py", line 16, in index
    return render_template('index.html',title='Welcome',entry=entry)
  File "c:\users\user\appdata\local\programs\python\python37-32\lib\site-packages\flask\templating.py", line 140, in render_template
    ctx.app,
  File "c:\users\user\appdata\local\programs\python\python37-32\lib\site-packages\flask\templating.py", line 120, in _render
    rv = template.render(context)
  File "c:\users\user\appdata\local\programs\python\python37-32\lib\site-packages\jinja2\environment.py", line 1090, in render
    self.environment.handle_exception()
  File "c:\users\user\appdata\local\programs\python\python37-32\lib\site-packages\jinja2\environment.py", line 832, in handle_exception
    reraise(*rewrite_traceback_stack(source=source))
  File "c:\users\user\appdata\local\programs\python\python37-32\lib\site-packages\jinja2\_compat.py", line 28, in reraise
    raise value.with_traceback(tb)
  File "C:\Users\User\Documents\GitHub\BudgetTrackerApp\app\templates\index.html", line 1, in top-level template code
    {% extends "base.html" %}
  File "C:\Users\User\Documents\GitHub\BudgetTrackerApp\app\templates\base.html", line 48, in top-level template code
    <script type="text/javascript" src="{{ url_for('static/js', filename='app.js') }}"></script>
  File "c:\users\user\appdata\local\programs\python\python37-32\lib\site-packages\flask\helpers.py", line 370, in url_for
    return appctx.app.handle_url_build_error(error, endpoint, values)
  File "c:\users\user\appdata\local\programs\python\python37-32\lib\site-packages\flask\app.py", line 2216, in handle_url_build_error
    reraise(exc_type, exc_value, tb)
  File "c:\users\user\appdata\local\programs\python\python37-32\lib\site-packages\flask\_compat.py", line 39, in reraise
    raise value
  File "c:\users\user\appdata\local\programs\python\python37-32\lib\site-packages\flask\helpers.py", line 358, in url_for
    endpoint, values, method=method, force_external=external
  File "c:\users\user\appdata\local\programs\python\python37-32\lib\site-packages\werkzeug\routing.py", line 2179, in build
    raise BuildError(endpoint, values, method, self)
werkzeug.routing.BuildError: Could not build url for endpoint 'static/js' with values ['filename']. Did you mean 'static' instead?
2021-04-15 10:54:26,116 INFO: Budget Tracker [in C:\Users\User\Documents\GitHub\BudgetTrackerApp\app\__init__.py:37]
2021-04-15 10:56:46,475 INFO: Budget Tracker [in C:\Users\User\Documents\GitHub\BudgetTrackerApp\app\__init__.py:37]
2021-04-15 11:01:31,076 INFO: Budget Tracker [in C:\Users\User\Documents\GitHub\BudgetTrackerApp\app\__init__.py:37]
2021-04-15 11:08:21,688 INFO: Budget Tracker [in C:\Users\User\Documents\GitHub\BudgetTrackerApp\app\__init__.py:37]
2021-04-15 11:11:04,286 INFO: Budget Tracker [in C:\Users\User\Documents\GitHub\BudgetTrackerApp\app\__init__.py:37]
2021-04-15 11:15:34,438 INFO: Budget Tracker [in C:\Users\User\Documents\GitHub\BudgetTrackerApp\app\__init__.py:37]
2021-04-15 11:21:10,900 INFO: Budget Tracker [in C:\Users\User\Documents\GitHub\BudgetTrackerApp\app\__init__.py:37]
2021-04-15 11:24:29,653 INFO: Budget Tracker [in C:\Users\User\Documents\GitHub\BudgetTrackerApp\app\__init__.py:37]
2021-04-15 11:30:22,720 INFO: Budget Tracker [in C:\Users\User\Documents\GitHub\BudgetTrackerApp\app\__init__.py:37]
2021-04-15 11:39:58,892 INFO: Budget Tracker [in C:\Users\User\Documents\GitHub\BudgetTrackerApp\app\__init__.py:37]
2021-04-15 11:45:20,738 INFO: Budget Tracker [in C:\Users\User\Documents\GitHub\BudgetTrackerApp\app\__init__.py:37]
2021-04-15 11:47:29,830 INFO: Budget Tracker [in C:\Users\User\Documents\GitHub\BudgetTrackerApp\app\__init__.py:37]
2021-04-15 11:53:24,469 INFO: Budget Tracker [in C:\Users\User\Documents\GitHub\BudgetTrackerApp\app\__init__.py:37]
2021-04-15 11:59:42,429 INFO: Budget Tracker [in C:\Users\User\Documents\GitHub\BudgetTrackerApp\app\__init__.py:37]
2021-04-15 12:08:43,758 INFO: Budget Tracker [in C:\Users\User\Documents\GitHub\BudgetTrackerApp\app\__init__.py:37]
